########### array before sorts ###########
0	19.500000	-8.444669	19.500000	-2.750000	n
1	-19.500000	-8.444669	-19.500000	-2.750000	n
2	-19.500000	2.750000	-19.500000	8.444669	n
3	19.500000	2.750000	19.500000	8.444669	n
4	-19.500000	-8.444669	-16.649911	-13.203894	n
5	-16.649911	-13.203894	-12.665160	-17.063296	n
6	-12.665160	-17.063296	-7.817299	-19.759863	n
7	-7.817299	-19.759863	-2.436702	-21.109828	n
8	-2.436702	-21.109828	3.109952	-21.021193	n
9	3.109952	-21.021193	8.444668	-19.499999	n
10	8.444668	-19.499999	13.203894	-16.649911	n
11	13.203894	-16.649911	17.063296	-12.665160	n
12	17.063296	-12.665160	19.500000	-8.444669	n
13	-19.500000	-2.750000	-18.788248	-2.656296	n
14	-18.788248	-2.656296	-18.125000	-2.381570	n
15	-18.125000	-2.381570	-17.555456	-1.944544	n
16	-17.555456	-1.944544	-17.118430	-1.375000	n
17	-17.118430	-1.375000	-16.843704	-0.711752	n
18	-16.843704	-0.711752	-16.750000	-0.000000	n
19	-16.750000	-0.000000	-16.843704	0.711752	n
20	-16.843704	0.711752	-17.118430	1.375000	n
21	-17.118430	1.375000	-17.555456	1.944544	n
22	-17.555456	1.944544	-18.125000	2.381570	n
23	-18.125000	2.381570	-18.788248	2.656296	n
24	-18.788248	2.656296	-19.500000	2.750000	n
25	19.500000	8.444669	16.649911	13.203894	n
26	16.649911	13.203894	12.665160	17.063296	n
27	12.665160	17.063296	7.817299	19.759863	n
28	7.817299	19.759863	2.436702	21.109828	n
29	2.436702	21.109828	-3.109952	21.021193	n
30	-3.109952	21.021193	-8.444668	19.499999	n
31	-8.444668	19.499999	-13.203894	16.649911	n
32	-13.203894	16.649911	-17.063296	12.665160	n
33	-17.063296	12.665160	-19.500000	8.444669	n
34	19.500000	2.750000	18.788248	2.656296	n
35	18.788248	2.656296	18.125000	2.381570	n
36	18.125000	2.381570	17.555456	1.944544	n
37	17.555456	1.944544	17.118430	1.375000	n
38	17.118430	1.375000	16.843704	0.711752	n
39	16.843704	0.711752	16.750000	0.000000	n
40	16.750000	0.000000	16.843704	-0.711752	n
41	16.843704	-0.711752	17.118430	-1.375000	n
42	17.118430	-1.375000	17.555456	-1.944544	n
43	17.555456	-1.944544	18.125000	-2.381570	n
44	18.125000	-2.381570	18.788248	-2.656296	n
45	18.788248	-2.656296	19.500000	-2.750000	n
46	8.000000	0.000000	7.931559	1.044210	n
47	7.931559	1.044210	7.727407	2.070552	n
48	7.727407	2.070552	6.928203	4.000000	n
49	6.928203	4.000000	5.656854	5.656854	n
50	5.656854	5.656854	4.000000	6.928203	n
51	4.000000	6.928203	2.070552	7.727407	n
52	2.070552	7.727407	0.000000	8.000000	n
53	0.000000	8.000000	-2.070552	7.727407	n
54	-2.070552	7.727407	-4.000000	6.928203	n
55	-4.000000	6.928203	-5.656854	5.656854	n
56	-5.656854	5.656854	-6.928203	4.000000	n
57	-6.928203	4.000000	-7.727407	2.070552	n
58	-7.727407	2.070552	-8.000000	0.000000	n
59	-8.000000	0.000000	-7.727407	-2.070552	n
60	-7.727407	-2.070552	-6.928203	-4.000000	n
61	-6.928203	-4.000000	-5.656854	-5.656854	n
62	-5.656854	-5.656854	-4.000000	-6.928203	n
63	-4.000000	-6.928203	-2.070552	-7.727407	n
64	-2.070552	-7.727407	-0.000000	-8.000000	n
65	-0.000000	-8.000000	2.070552	-7.727407	n
66	2.070552	-7.727407	4.000000	-6.928203	n
67	4.000000	-6.928203	5.656854	-5.656854	n
68	5.656854	-5.656854	6.928203	-4.000000	n
69	6.928203	-4.000000	7.727407	-2.070552	n
70	7.727407	-2.070552	8.000000	-0.000000	n
Tolerance=0.050000.
*Exact match for i=0 and j=45.
*i point 19.500000	-8.444669	19.500000	-2.750000	y
	*Before flip 	18.788248	-2.656296	19.500000	-2.750000	y
	*After flip 	19.500000	-2.750000	18.788248	-2.656296	y
*Exact match for i=1 and j=44.
*i point 19.500000	-2.750000	18.788248	-2.656296	y
	*Before flip 	18.125000	-2.381570	18.788248	-2.656296	y
	*After flip 	18.788248	-2.656296	18.125000	-2.381570	y
*Exact match for i=2 and j=43.
*i point 18.788248	-2.656296	18.125000	-2.381570	y
	*Before flip 	17.555456	-1.944544	18.125000	-2.381570	y
	*After flip 	18.125000	-2.381570	17.555456	-1.944544	y
*Exact match for i=3 and j=42.
*i point 18.125000	-2.381570	17.555456	-1.944544	y
	*Before flip 	17.118430	-1.375000	17.555456	-1.944544	y
	*After flip 	17.555456	-1.944544	17.118430	-1.375000	y
*Exact match for i=4 and j=41.
*i point 17.555456	-1.944544	17.118430	-1.375000	y
	*Before flip 	16.843704	-0.711752	17.118430	-1.375000	y
	*After flip 	17.118430	-1.375000	16.843704	-0.711752	y
*Exact match for i=5 and j=40.
*i point 17.118430	-1.375000	16.843704	-0.711752	y
	*Before flip 	16.750000	0.000000	16.843704	-0.711752	y
	*After flip 	16.843704	-0.711752	16.750000	0.000000	y
*Exact match for i=6 and j=39.
*i point 16.843704	-0.711752	16.750000	0.000000	y
	*Before flip 	16.843704	0.711752	16.750000	0.000000	y
	*After flip 	16.750000	0.000000	16.843704	0.711752	y
*Exact match for i=7 and j=38.
*i point 16.750000	0.000000	16.843704	0.711752	y
	*Before flip 	17.118430	1.375000	16.843704	0.711752	y
	*After flip 	16.843704	0.711752	17.118430	1.375000	y
*Exact match for i=8 and j=37.
*i point 16.843704	0.711752	17.118430	1.375000	y
	*Before flip 	17.555456	1.944544	17.118430	1.375000	y
	*After flip 	17.118430	1.375000	17.555456	1.944544	y
*Exact match for i=9 and j=36.
*i point 17.118430	1.375000	17.555456	1.944544	y
	*Before flip 	18.125000	2.381570	17.555456	1.944544	y
	*After flip 	17.555456	1.944544	18.125000	2.381570	y
*Exact match for i=10 and j=35.
*i point 17.555456	1.944544	18.125000	2.381570	y
	*Before flip 	18.788248	2.656296	18.125000	2.381570	y
	*After flip 	18.125000	2.381570	18.788248	2.656296	y
*Exact match for i=11 and j=34.
*i point 18.125000	2.381570	18.788248	2.656296	y
	*Before flip 	19.500000	2.750000	18.788248	2.656296	y
	*After flip 	18.788248	2.656296	19.500000	2.750000	y
*Exact match for i=12 and j=43.
*i point 18.788248	2.656296	19.500000	2.750000	y
*Exact match for i=13 and j=25.
*i point 19.500000	2.750000	19.500000	8.444669	y
*Exact match for i=14 and j=26.
*i point 19.500000	8.444669	16.649911	13.203894	y
*Exact match for i=15 and j=27.
*i point 16.649911	13.203894	12.665160	17.063296	y
*Exact match for i=16 and j=28.
*i point 12.665160	17.063296	7.817299	19.759863	y
*Exact match for i=17 and j=29.
*i point 7.817299	19.759863	2.436702	21.109828	y
*Exact match for i=18 and j=30.
*i point 2.436702	21.109828	-3.109952	21.021193	y
*Exact match for i=19 and j=31.
*i point -3.109952	21.021193	-8.444668	19.499999	y
*Exact match for i=20 and j=32.
*i point -8.444668	19.499999	-13.203894	16.649911	y
*Exact match for i=21 and j=33.
*i point -13.203894	16.649911	-17.063296	12.665160	y
*Exact match for i=22 and j=44.
*i point -17.063296	12.665160	-19.500000	8.444669	y
	*Before flip 	-19.500000	2.750000	-19.500000	8.444669	y
	*After flip 	-19.500000	8.444669	-19.500000	2.750000	y
*Exact match for i=23 and j=24.
*i point -19.500000	8.444669	-19.500000	2.750000	y
	*Before flip 	-18.788248	2.656296	-19.500000	2.750000	y
	*After flip 	-19.500000	2.750000	-18.788248	2.656296	y
*Exact match for i=24 and j=44.
*i point -19.500000	2.750000	-18.788248	2.656296	y
	*Before flip 	-18.125000	2.381570	-18.788248	2.656296	y
	*After flip 	-18.788248	2.656296	-18.125000	2.381570	y
*Exact match for i=25 and j=33.
*i point -18.788248	2.656296	-18.125000	2.381570	y
	*Before flip 	-17.555456	1.944544	-18.125000	2.381570	y
	*After flip 	-18.125000	2.381570	-17.555456	1.944544	y
*Exact match for i=26 and j=32.
*i point -18.125000	2.381570	-17.555456	1.944544	y
	*Before flip 	-17.118430	1.375000	-17.555456	1.944544	y
	*After flip 	-17.555456	1.944544	-17.118430	1.375000	y
*Exact match for i=27 and j=31.
*i point -17.555456	1.944544	-17.118430	1.375000	y
	*Before flip 	-16.843704	0.711752	-17.118430	1.375000	y
	*After flip 	-17.118430	1.375000	-16.843704	0.711752	y
*Exact match for i=28 and j=30.
*i point -17.118430	1.375000	-16.843704	0.711752	y
	*Before flip 	-16.750000	-0.000000	-16.843704	0.711752	y
	*After flip 	-16.843704	0.711752	-16.750000	-0.000000	y
*Exact match for i=29 and j=30.
*i point -16.843704	0.711752	-16.750000	-0.000000	y
	*Before flip 	-16.843704	-0.711752	-16.750000	-0.000000	y
	*After flip 	-16.750000	-0.000000	-16.843704	-0.711752	y
*Exact match for i=30 and j=31.
*i point -16.750000	-0.000000	-16.843704	-0.711752	y
	*Before flip 	-17.118430	-1.375000	-16.843704	-0.711752	y
	*After flip 	-16.843704	-0.711752	-17.118430	-1.375000	y
*Exact match for i=31 and j=32.
*i point -16.843704	-0.711752	-17.118430	-1.375000	y
	*Before flip 	-17.555456	-1.944544	-17.118430	-1.375000	y
	*After flip 	-17.118430	-1.375000	-17.555456	-1.944544	y
*Exact match for i=32 and j=33.
*i point -17.118430	-1.375000	-17.555456	-1.944544	y
	*Before flip 	-18.125000	-2.381570	-17.555456	-1.944544	y
	*After flip 	-17.555456	-1.944544	-18.125000	-2.381570	y
*Exact match for i=33 and j=44.
*i point -17.555456	-1.944544	-18.125000	-2.381570	y
	*Before flip 	-18.788248	-2.656296	-18.125000	-2.381570	y
	*After flip 	-18.125000	-2.381570	-18.788248	-2.656296	y
*Exact match for i=34 and j=43.
*i point -18.125000	-2.381570	-18.788248	-2.656296	y
	*Before flip 	-19.500000	-2.750000	-18.788248	-2.656296	y
	*After flip 	-18.788248	-2.656296	-19.500000	-2.750000	y
*Exact match for i=35 and j=45.
*i point -18.788248	-2.656296	-19.500000	-2.750000	y
	*Before flip 	-19.500000	-8.444669	-19.500000	-2.750000	y
	*After flip 	-19.500000	-2.750000	-19.500000	-8.444669	y
*Exact match for i=36 and j=42.
*i point -19.500000	-2.750000	-19.500000	-8.444669	y
*Exact match for i=37 and j=41.
*i point -19.500000	-8.444669	-16.649911	-13.203894	y
*Exact match for i=38 and j=40.
*i point -16.649911	-13.203894	-12.665160	-17.063296	y
*Exact match for i=39 and j=40.
*i point -12.665160	-17.063296	-7.817299	-19.759863	y
*Exact match for i=40 and j=41.
*i point -7.817299	-19.759863	-2.436702	-21.109828	y
*Exact match for i=41 and j=42.
*i point -2.436702	-21.109828	3.109952	-21.021193	y
*Exact match for i=42 and j=45.
*i point 3.109952	-21.021193	8.444668	-19.499999	y
*Exact match for i=43 and j=45.
*i point 8.444668	-19.499999	13.203894	-16.649911	y
*Exact match for i=44 and j=45.
*i point 13.203894	-16.649911	17.063296	-12.665160	y
*Exact match for i=46 and j=47.
*i point 8.000000	0.000000	7.931559	1.044210	y
*Exact match for i=47 and j=48.
*i point 7.931559	1.044210	7.727407	2.070552	y
*Exact match for i=48 and j=49.
*i point 7.727407	2.070552	6.928203	4.000000	y
*Exact match for i=49 and j=50.
*i point 6.928203	4.000000	5.656854	5.656854	y
*Exact match for i=50 and j=51.
*i point 5.656854	5.656854	4.000000	6.928203	y
*Exact match for i=51 and j=52.
*i point 4.000000	6.928203	2.070552	7.727407	y
*Exact match for i=52 and j=53.
*i point 2.070552	7.727407	0.000000	8.000000	y
*Exact match for i=53 and j=54.
*i point 0.000000	8.000000	-2.070552	7.727407	y
*Exact match for i=54 and j=55.
*i point -2.070552	7.727407	-4.000000	6.928203	y
*Exact match for i=55 and j=56.
*i point -4.000000	6.928203	-5.656854	5.656854	y
*Exact match for i=56 and j=57.
*i point -5.656854	5.656854	-6.928203	4.000000	y
*Exact match for i=57 and j=58.
*i point -6.928203	4.000000	-7.727407	2.070552	y
*Exact match for i=58 and j=59.
*i point -7.727407	2.070552	-8.000000	0.000000	y
*Exact match for i=59 and j=60.
*i point -8.000000	0.000000	-7.727407	-2.070552	y
*Exact match for i=60 and j=61.
*i point -7.727407	-2.070552	-6.928203	-4.000000	y
*Exact match for i=61 and j=62.
*i point -6.928203	-4.000000	-5.656854	-5.656854	y
*Exact match for i=62 and j=63.
*i point -5.656854	-5.656854	-4.000000	-6.928203	y
*Exact match for i=63 and j=64.
*i point -4.000000	-6.928203	-2.070552	-7.727407	y
*Exact match for i=64 and j=65.
*i point -2.070552	-7.727407	-0.000000	-8.000000	y
*Exact match for i=65 and j=66.
*i point -0.000000	-8.000000	2.070552	-7.727407	y
*Exact match for i=66 and j=67.
*i point 2.070552	-7.727407	4.000000	-6.928203	y
*Exact match for i=67 and j=68.
*i point 4.000000	-6.928203	5.656854	-5.656854	y
*Exact match for i=68 and j=69.
*i point 5.656854	-5.656854	6.928203	-4.000000	y
*Exact match for i=69 and j=70.
*i point 6.928203	-4.000000	7.727407	-2.070552	y
########### array after sorts ###########
0	19.500000	-8.444669	19.500000	-2.750000	y
1	19.500000	-2.750000	18.788248	-2.656296	y
2	18.788248	-2.656296	18.125000	-2.381570	y
3	18.125000	-2.381570	17.555456	-1.944544	y
4	17.555456	-1.944544	17.118430	-1.375000	y
5	17.118430	-1.375000	16.843704	-0.711752	y
6	16.843704	-0.711752	16.750000	0.000000	y
7	16.750000	0.000000	16.843704	0.711752	y
8	16.843704	0.711752	17.118430	1.375000	y
9	17.118430	1.375000	17.555456	1.944544	y
10	17.555456	1.944544	18.125000	2.381570	y
11	18.125000	2.381570	18.788248	2.656296	y
12	18.788248	2.656296	19.500000	2.750000	y
13	19.500000	2.750000	19.500000	8.444669	y
14	19.500000	8.444669	16.649911	13.203894	y
15	16.649911	13.203894	12.665160	17.063296	y
16	12.665160	17.063296	7.817299	19.759863	y
17	7.817299	19.759863	2.436702	21.109828	y
18	2.436702	21.109828	-3.109952	21.021193	y
19	-3.109952	21.021193	-8.444668	19.499999	y
20	-8.444668	19.499999	-13.203894	16.649911	y
21	-13.203894	16.649911	-17.063296	12.665160	y
22	-17.063296	12.665160	-19.500000	8.444669	y
23	-19.500000	8.444669	-19.500000	2.750000	y
24	-19.500000	2.750000	-18.788248	2.656296	y
25	-18.788248	2.656296	-18.125000	2.381570	y
26	-18.125000	2.381570	-17.555456	1.944544	y
27	-17.555456	1.944544	-17.118430	1.375000	y
28	-17.118430	1.375000	-16.843704	0.711752	y
29	-16.843704	0.711752	-16.750000	-0.000000	y
30	-16.750000	-0.000000	-16.843704	-0.711752	y
31	-16.843704	-0.711752	-17.118430	-1.375000	y
32	-17.118430	-1.375000	-17.555456	-1.944544	y
33	-17.555456	-1.944544	-18.125000	-2.381570	y
34	-18.125000	-2.381570	-18.788248	-2.656296	y
35	-18.788248	-2.656296	-19.500000	-2.750000	y
36	-19.500000	-2.750000	-19.500000	-8.444669	y
37	-19.500000	-8.444669	-16.649911	-13.203894	y
38	-16.649911	-13.203894	-12.665160	-17.063296	y
39	-12.665160	-17.063296	-7.817299	-19.759863	y
40	-7.817299	-19.759863	-2.436702	-21.109828	y
41	-2.436702	-21.109828	3.109952	-21.021193	y
42	3.109952	-21.021193	8.444668	-19.499999	y
43	8.444668	-19.499999	13.203894	-16.649911	y
44	13.203894	-16.649911	17.063296	-12.665160	y
45	17.063296	-12.665160	19.500000	-8.444669	y
46	8.000000	0.000000	7.931559	1.044210	y
47	7.931559	1.044210	7.727407	2.070552	y
48	7.727407	2.070552	6.928203	4.000000	y
49	6.928203	4.000000	5.656854	5.656854	y
50	5.656854	5.656854	4.000000	6.928203	y
51	4.000000	6.928203	2.070552	7.727407	y
52	2.070552	7.727407	0.000000	8.000000	y
53	0.000000	8.000000	-2.070552	7.727407	y
54	-2.070552	7.727407	-4.000000	6.928203	y
55	-4.000000	6.928203	-5.656854	5.656854	y
56	-5.656854	5.656854	-6.928203	4.000000	y
57	-6.928203	4.000000	-7.727407	2.070552	y
58	-7.727407	2.070552	-8.000000	0.000000	y
59	-8.000000	0.000000	-7.727407	-2.070552	y
60	-7.727407	-2.070552	-6.928203	-4.000000	y
61	-6.928203	-4.000000	-5.656854	-5.656854	y
62	-5.656854	-5.656854	-4.000000	-6.928203	y
63	-4.000000	-6.928203	-2.070552	-7.727407	y
64	-2.070552	-7.727407	-0.000000	-8.000000	y
65	-0.000000	-8.000000	2.070552	-7.727407	y
66	2.070552	-7.727407	4.000000	-6.928203	y
67	4.000000	-6.928203	5.656854	-5.656854	y
68	5.656854	-5.656854	6.928203	-4.000000	y
69	6.928203	-4.000000	7.727407	-2.070552	y
70	7.727407	-2.070552	8.000000	-0.000000	y
***************
.BOARD_OUTLINE UNOWNED
1.583
0     19.500000     -8.444669     0
0     19.500000     -2.750000     0
0     18.788248     -2.656296     0
0     18.125000     -2.381570     0
0     17.555456     -1.944544     0
0     17.118430     -1.375000     0
0     16.843704     -0.711752     0
0     16.750000     0.000000     0
0     16.843704     0.711752     0
0     17.118430     1.375000     0
0     17.555456     1.944544     0
0     18.125000     2.381570     0
0     18.788248     2.656296     0
0     19.500000     2.750000     0
0     19.500000     8.444669     0
0     16.649911     13.203894     0
0     12.665160     17.063296     0
0     7.817299     19.759863     0
0     2.436702     21.109828     0
0     -3.109952     21.021193     0
0     -8.444668     19.499999     0
0     -13.203894     16.649911     0
0     -17.063296     12.665160     0
0     -19.500000     8.444669     0
0     -19.500000     2.750000     0
0     -18.788248     2.656296     0
0     -18.125000     2.381570     0
0     -17.555456     1.944544     0
0     -17.118430     1.375000     0
0     -16.843704     0.711752     0
0     -16.750000     0.000000     0
0     -16.843704     -0.711752     0
0     -17.118430     -1.375000     0
0     -17.555456     -1.944544     0
0     -18.125000     -2.381570     0
0     -18.788248     -2.656296     0
0     -19.500000     -2.750000     0
0     -19.500000     -8.444669     0
0     -16.649911     -13.203894     0
0     -12.665160     -17.063296     0
0     -7.817299     -19.759863     0
0     -2.436702     -21.109828     0
0     3.109952     -21.021193     0
0     8.444668     -19.499999     0
0     13.203894     -16.649911     0
0     17.063296     -12.665160     0
0     19.500000     -8.444669     0
1     8.000000     0.000000     0
1     7.931559     1.044210     0
1     7.727407     2.070552     0
1     6.928203     4.000000     0
1     5.656854     5.656854     0
1     4.000000     6.928203     0
1     2.070552     7.727407     0
1     0.000000     8.000000     0
1     -2.070552     7.727407     0
1     -4.000000     6.928203     0
1     -5.656854     5.656854     0
1     -6.928203     4.000000     0
1     -7.727407     2.070552     0
1     -8.000000     0.000000     0
1     -7.727407     -2.070552     0
1     -6.928203     -4.000000     0
1     -5.656854     -5.656854     0
1     -4.000000     -6.928203     0
1     -2.070552     -7.727407     0
1     0.000000     -8.000000     0
1     2.070552     -7.727407     0
1     4.000000     -6.928203     0
1     5.656854     -5.656854     0
1     6.928203     -4.000000     0
1     7.727407     -2.070552     0
1     8.000000     0.000000     0
